<?xml version="1.0" encoding="UTF-8"?>
<!-- Generated by org.testng.reporters.JUnitXMLReporter -->
<testsuite ignored="1" hostname="DESKTOP-BA4T241" failures="0" tests="2" name="Test" time="0.101" errors="0" timestamp="2023-06-15T11:57:25 IST">
  <testcase classname="TestNg.Example12Disablemethods" name="TC2" time="0.015"/>
  <testcase classname="TestNg.Example12Disablemethods" name="TC3" time="0.002"/>
  <testcase classname="TestNg.Example12Disablemethods" name="TC1" time="0.0">
    <ignored/>
  </testcase> <!-- TC1 -->
</testsuite> <!-- Test -->
